[    1053ms] [ERROR] Failed to load resource: the server responded with a status of 404 (Not Found) @ http://localhost:3456/wiki/robotics/__next.wiki.$c$slug.txt?_rsc=t889c:0
[    1054ms] [ERROR] Failed to load resource: the server responded with a status of 404 (Not Found) @ http://localhost:3456/wiki/robotics/__next.wiki.$c$slug.__PAGE__.txt?_rsc=5cs2r:0
[    1062ms] [ERROR] Failed to load resource: the server responded with a status of 404 (Not Found) @ http://localhost:3456/wiki/science/__next.wiki.$c$slug.txt?_rsc=t889c:0
[    1063ms] [ERROR] Failed to load resource: the server responded with a status of 404 (Not Found) @ http://localhost:3456/wiki/science/__next.wiki.$c$slug.__PAGE__.txt?_rsc=5cs2r:0
[    1071ms] [ERROR] Failed to load resource: the server responded with a status of 404 (Not Found) @ http://localhost:3456/wiki/jobs/__next.wiki.$c$slug.txt?_rsc=t889c:0
[    1078ms] [ERROR] Failed to load resource: the server responded with a status of 404 (Not Found) @ http://localhost:3456/wiki/jobs/__next.wiki.$c$slug.__PAGE__.txt?_rsc=5cs2r:0
[    1081ms] [ERROR] Failed to load resource: the server responded with a status of 404 (Not Found) @ http://localhost:3456/wiki/ss14/__next.wiki.$c$slug.txt?_rsc=t889c:0
[    1085ms] [ERROR] Failed to load resource: the server responded with a status of 404 (Not Found) @ http://localhost:3456/wiki/ss14/__next.wiki.$c$slug.__PAGE__.txt?_rsc=5cs2r:0
[    1091ms] [ERROR] Failed to load resource: the server responded with a status of 404 (Not Found) @ http://localhost:3456/wiki/__next.wiki.__PAGE__.txt?_rsc=bwx3b:0
[    1104ms] [ERROR] Failed to load resource: the server responded with a status of 404 (Not Found) @ http://localhost:3456/wiki/corporate-agents/__next.wiki.$c$slug.txt?_rsc=t889c:0
[    1112ms] [ERROR] Failed to load resource: the server responded with a status of 404 (Not Found) @ http://localhost:3456/wiki/corporate-agents/__next.wiki.$c$slug.__PAGE__.txt?_rsc=5cs2r:0
[    1115ms] [ERROR] Failed to load resource: the server responded with a status of 404 (Not Found) @ http://localhost:3456/wiki/traitors/__next.wiki.$c$slug.txt?_rsc=t889c:0
[    1119ms] [ERROR] Failed to load resource: the server responded with a status of 404 (Not Found) @ http://localhost:3456/wiki/traitors/__next.wiki.$c$slug.__PAGE__.txt?_rsc=5cs2r:0
[    1123ms] [ERROR] Failed to load resource: the server responded with a status of 404 (Not Found) @ http://localhost:3456/wiki/antagonists/__next.wiki.$c$slug.txt?_rsc=t889c:0
[    1125ms] [ERROR] Failed to load resource: the server responded with a status of 404 (Not Found) @ http://localhost:3456/wiki/antagonists/__next.wiki.$c$slug.__PAGE__.txt?_rsc=5cs2r:0
[    1135ms] [ERROR] Failed to load resource: the server responded with a status of 404 (Not Found) @ http://localhost:3456/wiki/capibara-economy-objectives/__next.wiki.$c$slug.txt?_rsc=t889c:0
[    1135ms] [ERROR] Failed to load resource: the server responded with a status of 404 (Not Found) @ http://localhost:3456/wiki/capibara-economy-objectives/__next.wiki.$c$slug.__PAGE__.txt?_rsc=5cs2r:0
[    1137ms] [ERROR] Failed to load resource: the server responded with a status of 404 (Not Found) @ http://localhost:3456/wiki/capibara-economy-salary-console/__next.wiki.$c$slug.txt?_rsc=t889c:0
[    1139ms] [ERROR] Failed to load resource: the server responded with a status of 404 (Not Found) @ http://localhost:3456/wiki/capibara-economy-salary-console/__next.wiki.$c$slug.__PAGE__.txt?_rsc=5cs2r:0
[    1143ms] [ERROR] Failed to load resource: the server responded with a status of 404 (Not Found) @ http://localhost:3456/wiki/capibara-economy-atm/__next.wiki.$c$slug.txt?_rsc=t889c:0
[    1144ms] [ERROR] Failed to load resource: the server responded with a status of 404 (Not Found) @ http://localhost:3456/wiki/capibara-economy-atm/__next.wiki.$c$slug.__PAGE__.txt?_rsc=5cs2r:0
[    1153ms] [ERROR] Failed to load resource: the server responded with a status of 404 (Not Found) @ http://localhost:3456/wiki/capibara-economy/__next.wiki.$c$slug.txt?_rsc=t889c:0
[    1154ms] [ERROR] Failed to load resource: the server responded with a status of 404 (Not Found) @ http://localhost:3456/wiki/capibara-economy/__next.wiki.$c$slug.__PAGE__.txt?_rsc=5cs2r:0
[    1159ms] [ERROR] Failed to load resource: the server responded with a status of 404 (Not Found) @ http://localhost:3456/wiki/survival/__next.wiki.$c$slug.txt?_rsc=t889c:0
[    1163ms] [ERROR] Failed to load resource: the server responded with a status of 404 (Not Found) @ http://localhost:3456/wiki/survival/__next.wiki.$c$slug.__PAGE__.txt?_rsc=5cs2r:0
[    1164ms] [ERROR] Failed to load resource: the server responded with a status of 404 (Not Found) @ http://localhost:3456/wiki/service/__next.wiki.$c$slug.txt?_rsc=t889c:0
[    1167ms] [ERROR] Failed to load resource: the server responded with a status of 404 (Not Found) @ http://localhost:3456/wiki/service/__next.wiki.$c$slug.__PAGE__.txt?_rsc=5cs2r:0
[    1170ms] [ERROR] Failed to load resource: the server responded with a status of 404 (Not Found) @ http://localhost:3456/wiki/security/__next.wiki.$c$slug.txt?_rsc=t889c:0
[    1175ms] [ERROR] Failed to load resource: the server responded with a status of 404 (Not Found) @ http://localhost:3456/wiki/security/__next.wiki.$c$slug.__PAGE__.txt?_rsc=5cs2r:0
[    1180ms] [ERROR] Failed to load resource: the server responded with a status of 404 (Not Found) @ http://localhost:3456/wiki/cyborgs/__next.wiki.$c$slug.txt?_rsc=t889c:0
[    1181ms] [ERROR] Failed to load resource: the server responded with a status of 404 (Not Found) @ http://localhost:3456/wiki/cyborgs/__next.wiki.$c$slug.__PAGE__.txt?_rsc=5cs2r:0
[    1190ms] [ERROR] Failed to load resource: the server responded with a status of 404 (Not Found) @ http://localhost:3456/wiki/xenobiology/__next.wiki.$c$slug.txt?_rsc=t889c:0
[    1194ms] [ERROR] Failed to load resource: the server responded with a status of 404 (Not Found) @ http://localhost:3456/wiki/xenobiology/__next.wiki.$c$slug.__PAGE__.txt?_rsc=5cs2r:0
[    1201ms] [ERROR] Failed to load resource: the server responded with a status of 404 (Not Found) @ http://localhost:3456/wiki/xenoarchaeology/__next.wiki.$c$slug.txt?_rsc=t889c:0
[    1202ms] [ERROR] Failed to load resource: the server responded with a status of 404 (Not Found) @ http://localhost:3456/wiki/xenoarchaeology/__next.wiki.$c$slug.__PAGE__.txt?_rsc=5cs2r:0
[    1209ms] [ERROR] Failed to load resource: the server responded with a status of 404 (Not Found) @ http://localhost:3456/wiki/anomalous-research/__next.wiki.$c$slug.txt?_rsc=t889c:0
[    1212ms] [ERROR] Failed to load resource: the server responded with a status of 404 (Not Found) @ http://localhost:3456/wiki/anomalous-research/__next.wiki.$c$slug.__PAGE__.txt?_rsc=5cs2r:0
[    1223ms] [ERROR] Failed to load resource: the server responded with a status of 404 (Not Found) @ http://localhost:3456/wiki/technologies/__next.wiki.$c$slug.__PAGE__.txt?_rsc=5cs2r:0
[    1224ms] [ERROR] Failed to load resource: the server responded with a status of 404 (Not Found) @ http://localhost:3456/wiki/technologies/__next.wiki.$c$slug.txt?_rsc=t889c:0
[    1233ms] [ERROR] Failed to load resource: the server responded with a status of 404 (Not Found) @ http://localhost:3456/wiki/medical/__next.wiki.$c$slug.txt?_rsc=t889c:0
[    1234ms] [ERROR] Failed to load resource: the server responded with a status of 404 (Not Found) @ http://localhost:3456/wiki/medical/__next.wiki.$c$slug.__PAGE__.txt?_rsc=5cs2r:0
[    1238ms] [ERROR] Failed to load resource: the server responded with a status of 404 (Not Found) @ http://localhost:3456/wiki/engineering/__next.wiki.$c$slug.txt?_rsc=t889c:0
[    1242ms] [ERROR] Failed to load resource: the server responded with a status of 404 (Not Found) @ http://localhost:3456/wiki/engineering/__next.wiki.$c$slug.__PAGE__.txt?_rsc=5cs2r:0
[    1243ms] [ERROR] Failed to load resource: the server responded with a status of 404 (Not Found) @ http://localhost:3456/wiki/command/__next.wiki.$c$slug.txt?_rsc=t889c:0
[    1246ms] [ERROR] Failed to load resource: the server responded with a status of 404 (Not Found) @ http://localhost:3456/wiki/command/__next.wiki.$c$slug.__PAGE__.txt?_rsc=5cs2r:0
[    1250ms] [ERROR] Failed to load resource: the server responded with a status of 404 (Not Found) @ http://localhost:3456/wiki/cargo/__next.wiki.$c$slug.txt?_rsc=t889c:0
[    1250ms] [ERROR] Failed to load resource: the server responded with a status of 404 (Not Found) @ http://localhost:3456/wiki/cargo/__next.wiki.$c$slug.__PAGE__.txt?_rsc=5cs2r:0
[    4307ms] [WARNING] The resource http://localhost:3456/_next/static/media/0c89a48fa5027cee-s.p.4564287c.woff2 was preloaded using link preload but not used within a few seconds from the window's load event. Please make sure it has an appropriate `as` value and it is preloaded intentionally. @ http://localhost:3456/wiki/cyborgs:0
[    4307ms] [WARNING] The resource http://localhost:3456/_next/static/media/70bc3e132a0a741e-s.p.15008bfb.woff2 was preloaded using link preload but not used within a few seconds from the window's load event. Please make sure it has an appropriate `as` value and it is preloaded intentionally. @ http://localhost:3456/wiki/cyborgs:0
