[    3424ms] [ERROR] Failed to load resource: the server responded with a status of 404 (Not Found) @ http://localhost:3456/wiki/martial-arts/__next.wiki.$c$slug.__PAGE__.txt?_rsc=cnftd:0
[    3425ms] [ERROR] Failed to load resource: the server responded with a status of 404 (Not Found) @ http://localhost:3456/wiki/martial-arts/__next.wiki.$c$slug.txt?_rsc=j5190:0
[    3426ms] [ERROR] Failed to load resource: the server responded with a status of 404 (Not Found) @ http://localhost:3456/wiki/ss14/__next.wiki.$c$slug.txt?_rsc=j5190:0
[    3434ms] [ERROR] Failed to load resource: the server responded with a status of 404 (Not Found) @ http://localhost:3456/wiki/ss14/__next.wiki.$c$slug.__PAGE__.txt?_rsc=cnftd:0
[    3435ms] [ERROR] Failed to load resource: the server responded with a status of 404 (Not Found) @ http://localhost:3456/wiki/__next.wiki.__PAGE__.txt?_rsc=g0p5n:0
[    3462ms] [ERROR] Failed to load resource: the server responded with a status of 404 (Not Found) @ http://localhost:3456/wiki/minor-antagonists/__next.wiki.$c$slug.txt?_rsc=j5190:0
[    3517ms] [ERROR] Failed to load resource: the server responded with a status of 404 (Not Found) @ http://localhost:3456/wiki/minor-antagonists/__next.wiki.$c$slug.__PAGE__.txt?_rsc=cnftd:0
[    3518ms] [ERROR] Failed to load resource: the server responded with a status of 404 (Not Found) @ http://localhost:3456/wiki/revolutionaries/__next.wiki.$c$slug.txt?_rsc=j5190:0
[    3518ms] [ERROR] Failed to load resource: the server responded with a status of 404 (Not Found) @ http://localhost:3456/wiki/revolutionaries/__next.wiki.$c$slug.__PAGE__.txt?_rsc=cnftd:0
[    3528ms] [ERROR] Failed to load resource: the server responded with a status of 404 (Not Found) @ http://localhost:3456/wiki/zombies/__next.wiki.$c$slug.txt?_rsc=j5190:0
[    3531ms] [ERROR] Failed to load resource: the server responded with a status of 404 (Not Found) @ http://localhost:3456/wiki/zombies/__next.wiki.$c$slug.__PAGE__.txt?_rsc=cnftd:0
[    3538ms] [ERROR] Failed to load resource: the server responded with a status of 404 (Not Found) @ http://localhost:3456/wiki/nuclear-operatives/__next.wiki.$c$slug.txt?_rsc=j5190:0
[    3540ms] [ERROR] Failed to load resource: the server responded with a status of 404 (Not Found) @ http://localhost:3456/wiki/nuclear-operatives/__next.wiki.$c$slug.__PAGE__.txt?_rsc=cnftd:0
[    3546ms] [ERROR] Failed to load resource: the server responded with a status of 404 (Not Found) @ http://localhost:3456/wiki/blob/__next.wiki.$c$slug.txt?_rsc=j5190:0
[    3548ms] [ERROR] Failed to load resource: the server responded with a status of 404 (Not Found) @ http://localhost:3456/wiki/blob/__next.wiki.$c$slug.__PAGE__.txt?_rsc=cnftd:0
[    3556ms] [ERROR] Failed to load resource: the server responded with a status of 404 (Not Found) @ http://localhost:3456/wiki/changelings/__next.wiki.$c$slug.txt?_rsc=j5190:0
[    3557ms] [ERROR] Failed to load resource: the server responded with a status of 404 (Not Found) @ http://localhost:3456/wiki/changelings/__next.wiki.$c$slug.__PAGE__.txt?_rsc=cnftd:0
[    3561ms] [ERROR] Failed to load resource: the server responded with a status of 404 (Not Found) @ http://localhost:3456/wiki/corporate-agents/__next.wiki.$c$slug.txt?_rsc=j5190:0
[    3564ms] [ERROR] Failed to load resource: the server responded with a status of 404 (Not Found) @ http://localhost:3456/wiki/corporate-agents/__next.wiki.$c$slug.__PAGE__.txt?_rsc=cnftd:0
[    3572ms] [ERROR] Failed to load resource: the server responded with a status of 404 (Not Found) @ http://localhost:3456/wiki/traitors/__next.wiki.$c$slug.txt?_rsc=j5190:0
[    3573ms] [ERROR] Failed to load resource: the server responded with a status of 404 (Not Found) @ http://localhost:3456/wiki/traitors/__next.wiki.$c$slug.__PAGE__.txt?_rsc=cnftd:0
[    3579ms] [ERROR] Failed to load resource: the server responded with a status of 404 (Not Found) @ http://localhost:3456/wiki/antagonists/__next.wiki.$c$slug.txt?_rsc=j5190:0
[    3580ms] [ERROR] Failed to load resource: the server responded with a status of 404 (Not Found) @ http://localhost:3456/wiki/antagonists/__next.wiki.$c$slug.__PAGE__.txt?_rsc=cnftd:0
[    3593ms] [ERROR] Failed to load resource: the server responded with a status of 404 (Not Found) @ http://localhost:3456/wiki/capibara-economy-objectives/__next.wiki.$c$slug.__PAGE__.txt?_rsc=cnftd:0
[    3593ms] [ERROR] Failed to load resource: the server responded with a status of 404 (Not Found) @ http://localhost:3456/wiki/capibara-economy-objectives/__next.wiki.$c$slug.txt?_rsc=j5190:0
[    3600ms] [ERROR] Failed to load resource: the server responded with a status of 404 (Not Found) @ http://localhost:3456/wiki/capibara-economy-salary-console/__next.wiki.$c$slug.txt?_rsc=j5190:0
[    3600ms] [ERROR] Failed to load resource: the server responded with a status of 404 (Not Found) @ http://localhost:3456/wiki/capibara-economy-salary-console/__next.wiki.$c$slug.__PAGE__.txt?_rsc=cnftd:0
[    3611ms] [ERROR] Failed to load resource: the server responded with a status of 404 (Not Found) @ http://localhost:3456/wiki/capibara-economy-atm/__next.wiki.$c$slug.txt?_rsc=j5190:0
[    3612ms] [ERROR] Failed to load resource: the server responded with a status of 404 (Not Found) @ http://localhost:3456/wiki/capibara-economy-atm/__next.wiki.$c$slug.__PAGE__.txt?_rsc=cnftd:0
[    3620ms] [ERROR] Failed to load resource: the server responded with a status of 404 (Not Found) @ http://localhost:3456/wiki/capibara-economy/__next.wiki.$c$slug.txt?_rsc=j5190:0
[    3622ms] [ERROR] Failed to load resource: the server responded with a status of 404 (Not Found) @ http://localhost:3456/wiki/capibara-economy/__next.wiki.$c$slug.__PAGE__.txt?_rsc=cnftd:0
[    3633ms] [ERROR] Failed to load resource: the server responded with a status of 404 (Not Found) @ http://localhost:3456/wiki/survival/__next.wiki.$c$slug.__PAGE__.txt?_rsc=cnftd:0
[    3634ms] [ERROR] Failed to load resource: the server responded with a status of 404 (Not Found) @ http://localhost:3456/wiki/survival/__next.wiki.$c$slug.txt?_rsc=j5190:0
[    3643ms] [ERROR] Failed to load resource: the server responded with a status of 404 (Not Found) @ http://localhost:3456/wiki/service/__next.wiki.$c$slug.txt?_rsc=j5190:0
[    3647ms] [ERROR] Failed to load resource: the server responded with a status of 404 (Not Found) @ http://localhost:3456/wiki/service/__next.wiki.$c$slug.__PAGE__.txt?_rsc=cnftd:0
[    3651ms] [ERROR] Failed to load resource: the server responded with a status of 404 (Not Found) @ http://localhost:3456/wiki/security/__next.wiki.$c$slug.txt?_rsc=j5190:0
[    3656ms] [ERROR] Failed to load resource: the server responded with a status of 404 (Not Found) @ http://localhost:3456/wiki/security/__next.wiki.$c$slug.__PAGE__.txt?_rsc=cnftd:0
[    3658ms] [ERROR] Failed to load resource: the server responded with a status of 404 (Not Found) @ http://localhost:3456/wiki/science/__next.wiki.$c$slug.txt?_rsc=j5190:0
[    3662ms] [ERROR] Failed to load resource: the server responded with a status of 404 (Not Found) @ http://localhost:3456/wiki/science/__next.wiki.$c$slug.__PAGE__.txt?_rsc=cnftd:0
[    3667ms] [ERROR] Failed to load resource: the server responded with a status of 404 (Not Found) @ http://localhost:3456/wiki/medical/__next.wiki.$c$slug.txt?_rsc=j5190:0
[    3670ms] [ERROR] Failed to load resource: the server responded with a status of 404 (Not Found) @ http://localhost:3456/wiki/medical/__next.wiki.$c$slug.__PAGE__.txt?_rsc=cnftd:0
[    3673ms] [ERROR] Failed to load resource: the server responded with a status of 404 (Not Found) @ http://localhost:3456/wiki/engineering/__next.wiki.$c$slug.txt?_rsc=j5190:0
[    3677ms] [ERROR] Failed to load resource: the server responded with a status of 404 (Not Found) @ http://localhost:3456/wiki/engineering/__next.wiki.$c$slug.__PAGE__.txt?_rsc=cnftd:0
[    3686ms] [ERROR] Failed to load resource: the server responded with a status of 404 (Not Found) @ http://localhost:3456/wiki/command/__next.wiki.$c$slug.__PAGE__.txt?_rsc=cnftd:0
[    3687ms] [ERROR] Failed to load resource: the server responded with a status of 404 (Not Found) @ http://localhost:3456/wiki/command/__next.wiki.$c$slug.txt?_rsc=j5190:0
[    3694ms] [ERROR] Failed to load resource: the server responded with a status of 404 (Not Found) @ http://localhost:3456/wiki/cargo/__next.wiki.$c$slug.txt?_rsc=j5190:0
[    3696ms] [ERROR] Failed to load resource: the server responded with a status of 404 (Not Found) @ http://localhost:3456/wiki/cargo/__next.wiki.$c$slug.__PAGE__.txt?_rsc=cnftd:0
[    3703ms] [ERROR] Failed to load resource: the server responded with a status of 404 (Not Found) @ http://localhost:3456/wiki/jobs/__next.wiki.$c$slug.txt?_rsc=j5190:0
[    3703ms] [ERROR] Failed to load resource: the server responded with a status of 404 (Not Found) @ http://localhost:3456/wiki/jobs/__next.wiki.$c$slug.__PAGE__.txt?_rsc=cnftd:0
