[    3463ms] [ERROR] Failed to load resource: the server responded with a status of 404 (Not Found) @ http://localhost:3456/wiki/robotics/__next.wiki.$c$slug.__PAGE__.txt?_rsc=5cs2r:0
[    3464ms] [ERROR] Failed to load resource: the server responded with a status of 404 (Not Found) @ http://localhost:3456/wiki/robotics/__next.wiki.$c$slug.txt?_rsc=t889c:0
[    3470ms] [ERROR] Failed to load resource: the server responded with a status of 404 (Not Found) @ http://localhost:3456/wiki/science/__next.wiki.$c$slug.txt?_rsc=t889c:0
[    3473ms] [ERROR] Failed to load resource: the server responded with a status of 404 (Not Found) @ http://localhost:3456/wiki/science/__next.wiki.$c$slug.__PAGE__.txt?_rsc=5cs2r:0
[    3485ms] [ERROR] Failed to load resource: the server responded with a status of 404 (Not Found) @ http://localhost:3456/wiki/jobs/__next.wiki.$c$slug.txt?_rsc=t889c:0
[    3486ms] [ERROR] Failed to load resource: the server responded with a status of 404 (Not Found) @ http://localhost:3456/wiki/jobs/__next.wiki.$c$slug.__PAGE__.txt?_rsc=5cs2r:0
[    3492ms] [ERROR] Failed to load resource: the server responded with a status of 404 (Not Found) @ http://localhost:3456/wiki/ss14/__next.wiki.$c$slug.txt?_rsc=t889c:0
[    3493ms] [ERROR] Failed to load resource: the server responded with a status of 404 (Not Found) @ http://localhost:3456/wiki/ss14/__next.wiki.$c$slug.__PAGE__.txt?_rsc=5cs2r:0
[    3507ms] [ERROR] Failed to load resource: the server responded with a status of 404 (Not Found) @ http://localhost:3456/wiki/__next.wiki.__PAGE__.txt?_rsc=bwx3b:0
[    3570ms] [ERROR] Failed to load resource: the server responded with a status of 404 (Not Found) @ http://localhost:3456/wiki/corporate-agents/__next.wiki.$c$slug.__PAGE__.txt?_rsc=5cs2r:0
[    3572ms] [ERROR] Failed to load resource: the server responded with a status of 404 (Not Found) @ http://localhost:3456/wiki/corporate-agents/__next.wiki.$c$slug.txt?_rsc=t889c:0
[    3576ms] [ERROR] Failed to load resource: the server responded with a status of 404 (Not Found) @ http://localhost:3456/wiki/traitors/__next.wiki.$c$slug.txt?_rsc=t889c:0
[    3576ms] [ERROR] Failed to load resource: the server responded with a status of 404 (Not Found) @ http://localhost:3456/wiki/traitors/__next.wiki.$c$slug.__PAGE__.txt?_rsc=5cs2r:0
[    3585ms] [ERROR] Failed to load resource: the server responded with a status of 404 (Not Found) @ http://localhost:3456/wiki/antagonists/__next.wiki.$c$slug.txt?_rsc=t889c:0
[    3588ms] [ERROR] Failed to load resource: the server responded with a status of 404 (Not Found) @ http://localhost:3456/wiki/antagonists/__next.wiki.$c$slug.__PAGE__.txt?_rsc=5cs2r:0
[    3592ms] [ERROR] Failed to load resource: the server responded with a status of 404 (Not Found) @ http://localhost:3456/wiki/capibara-economy-objectives/__next.wiki.$c$slug.txt?_rsc=t889c:0
[    3594ms] [ERROR] Failed to load resource: the server responded with a status of 404 (Not Found) @ http://localhost:3456/wiki/capibara-economy-objectives/__next.wiki.$c$slug.__PAGE__.txt?_rsc=5cs2r:0
[    3605ms] [ERROR] Failed to load resource: the server responded with a status of 404 (Not Found) @ http://localhost:3456/wiki/capibara-economy-salary-console/__next.wiki.$c$slug.txt?_rsc=t889c:0
[    3606ms] [ERROR] Failed to load resource: the server responded with a status of 404 (Not Found) @ http://localhost:3456/wiki/capibara-economy-salary-console/__next.wiki.$c$slug.__PAGE__.txt?_rsc=5cs2r:0
[    3615ms] [ERROR] Failed to load resource: the server responded with a status of 404 (Not Found) @ http://localhost:3456/wiki/capibara-economy-atm/__next.wiki.$c$slug.txt?_rsc=t889c:0
[    3616ms] [ERROR] Failed to load resource: the server responded with a status of 404 (Not Found) @ http://localhost:3456/wiki/capibara-economy-atm/__next.wiki.$c$slug.__PAGE__.txt?_rsc=5cs2r:0
[    3631ms] [ERROR] Failed to load resource: the server responded with a status of 404 (Not Found) @ http://localhost:3456/wiki/capibara-economy/__next.wiki.$c$slug.txt?_rsc=t889c:0
[    3636ms] [ERROR] Failed to load resource: the server responded with a status of 404 (Not Found) @ http://localhost:3456/wiki/capibara-economy/__next.wiki.$c$slug.__PAGE__.txt?_rsc=5cs2r:0
[    3641ms] [ERROR] Failed to load resource: the server responded with a status of 404 (Not Found) @ http://localhost:3456/wiki/survival/__next.wiki.$c$slug.txt?_rsc=t889c:0
[    3642ms] [ERROR] Failed to load resource: the server responded with a status of 404 (Not Found) @ http://localhost:3456/wiki/survival/__next.wiki.$c$slug.__PAGE__.txt?_rsc=5cs2r:0
[    3651ms] [ERROR] Failed to load resource: the server responded with a status of 404 (Not Found) @ http://localhost:3456/wiki/service/__next.wiki.$c$slug.txt?_rsc=t889c:0
[    3652ms] [ERROR] Failed to load resource: the server responded with a status of 404 (Not Found) @ http://localhost:3456/wiki/service/__next.wiki.$c$slug.__PAGE__.txt?_rsc=5cs2r:0
[    3658ms] [ERROR] Failed to load resource: the server responded with a status of 404 (Not Found) @ http://localhost:3456/wiki/security/__next.wiki.$c$slug.txt?_rsc=t889c:0
[    3659ms] [ERROR] Failed to load resource: the server responded with a status of 404 (Not Found) @ http://localhost:3456/wiki/security/__next.wiki.$c$slug.__PAGE__.txt?_rsc=5cs2r:0
[    3668ms] [ERROR] Failed to load resource: the server responded with a status of 404 (Not Found) @ http://localhost:3456/wiki/cyborgs/__next.wiki.$c$slug.txt?_rsc=t889c:0
[    3670ms] [ERROR] Failed to load resource: the server responded with a status of 404 (Not Found) @ http://localhost:3456/wiki/cyborgs/__next.wiki.$c$slug.__PAGE__.txt?_rsc=5cs2r:0
[    3675ms] [ERROR] Failed to load resource: the server responded with a status of 404 (Not Found) @ http://localhost:3456/wiki/xenobiology/__next.wiki.$c$slug.txt?_rsc=t889c:0
[    3676ms] [ERROR] Failed to load resource: the server responded with a status of 404 (Not Found) @ http://localhost:3456/wiki/xenobiology/__next.wiki.$c$slug.__PAGE__.txt?_rsc=5cs2r:0
[    3689ms] [ERROR] Failed to load resource: the server responded with a status of 404 (Not Found) @ http://localhost:3456/wiki/xenoarchaeology/__next.wiki.$c$slug.txt?_rsc=t889c:0
[    3689ms] [ERROR] Failed to load resource: the server responded with a status of 404 (Not Found) @ http://localhost:3456/wiki/xenoarchaeology/__next.wiki.$c$slug.__PAGE__.txt?_rsc=5cs2r:0
[    3695ms] [ERROR] Failed to load resource: the server responded with a status of 404 (Not Found) @ http://localhost:3456/wiki/anomalous-research/__next.wiki.$c$slug.txt?_rsc=t889c:0
[    3695ms] [ERROR] Failed to load resource: the server responded with a status of 404 (Not Found) @ http://localhost:3456/wiki/anomalous-research/__next.wiki.$c$slug.__PAGE__.txt?_rsc=5cs2r:0
[    3696ms] [ERROR] Failed to load resource: the server responded with a status of 404 (Not Found) @ http://localhost:3456/wiki/technologies/__next.wiki.$c$slug.txt?_rsc=t889c:0
[    3706ms] [ERROR] Failed to load resource: the server responded with a status of 404 (Not Found) @ http://localhost:3456/wiki/technologies/__next.wiki.$c$slug.__PAGE__.txt?_rsc=5cs2r:0
[    3707ms] [ERROR] Failed to load resource: the server responded with a status of 404 (Not Found) @ http://localhost:3456/wiki/medical/__next.wiki.$c$slug.txt?_rsc=t889c:0
[    3713ms] [ERROR] Failed to load resource: the server responded with a status of 404 (Not Found) @ http://localhost:3456/wiki/medical/__next.wiki.$c$slug.__PAGE__.txt?_rsc=5cs2r:0
[    3714ms] [ERROR] Failed to load resource: the server responded with a status of 404 (Not Found) @ http://localhost:3456/wiki/engineering/__next.wiki.$c$slug.txt?_rsc=t889c:0
[    3728ms] [ERROR] Failed to load resource: the server responded with a status of 404 (Not Found) @ http://localhost:3456/wiki/engineering/__next.wiki.$c$slug.__PAGE__.txt?_rsc=5cs2r:0
[    3729ms] [ERROR] Failed to load resource: the server responded with a status of 404 (Not Found) @ http://localhost:3456/wiki/command/__next.wiki.$c$slug.txt?_rsc=t889c:0
[    3738ms] [ERROR] Failed to load resource: the server responded with a status of 404 (Not Found) @ http://localhost:3456/wiki/command/__next.wiki.$c$slug.__PAGE__.txt?_rsc=5cs2r:0
[    3743ms] [ERROR] Failed to load resource: the server responded with a status of 404 (Not Found) @ http://localhost:3456/wiki/cargo/__next.wiki.$c$slug.txt?_rsc=t889c:0
[    3744ms] [ERROR] Failed to load resource: the server responded with a status of 404 (Not Found) @ http://localhost:3456/wiki/cargo/__next.wiki.$c$slug.__PAGE__.txt?_rsc=5cs2r:0
