[    3786ms] [ERROR] Failed to load resource: the server responded with a status of 404 (Not Found) @ http://localhost:3456/wiki/antagonists/__next.wiki.$c$slug.__PAGE__.txt?_rsc=13tcp:0
[    3790ms] [ERROR] Failed to load resource: the server responded with a status of 404 (Not Found) @ http://localhost:3456/wiki/antagonists/__next.wiki.$c$slug.txt?_rsc=1ofzr:0
[    3790ms] [ERROR] Failed to load resource: the server responded with a status of 404 (Not Found) @ http://localhost:3456/wiki/ss14/__next.wiki.$c$slug.txt?_rsc=1ofzr:0
[    3800ms] [ERROR] Failed to load resource: the server responded with a status of 404 (Not Found) @ http://localhost:3456/wiki/ss14/__next.wiki.$c$slug.__PAGE__.txt?_rsc=13tcp:0
[    3813ms] [ERROR] Failed to load resource: the server responded with a status of 404 (Not Found) @ http://localhost:3456/wiki/__next.wiki.__PAGE__.txt?_rsc=113jl:0
[    3881ms] [ERROR] Failed to load resource: the server responded with a status of 404 (Not Found) @ http://localhost:3456/wiki/minor-antagonists/__next.wiki.$c$slug.txt?_rsc=1ofzr:0
[    3882ms] [ERROR] Failed to load resource: the server responded with a status of 404 (Not Found) @ http://localhost:3456/wiki/minor-antagonists/__next.wiki.$c$slug.__PAGE__.txt?_rsc=13tcp:0
[    3897ms] [ERROR] Failed to load resource: the server responded with a status of 404 (Not Found) @ http://localhost:3456/wiki/revolutionaries/__next.wiki.$c$slug.__PAGE__.txt?_rsc=13tcp:0
[    3899ms] [ERROR] Failed to load resource: the server responded with a status of 404 (Not Found) @ http://localhost:3456/wiki/revolutionaries/__next.wiki.$c$slug.txt?_rsc=1ofzr:0
[    3903ms] [ERROR] Failed to load resource: the server responded with a status of 404 (Not Found) @ http://localhost:3456/wiki/zombies/__next.wiki.$c$slug.txt?_rsc=1ofzr:0
[    3916ms] [ERROR] Failed to load resource: the server responded with a status of 404 (Not Found) @ http://localhost:3456/wiki/zombies/__next.wiki.$c$slug.__PAGE__.txt?_rsc=13tcp:0
[    3919ms] [ERROR] Failed to load resource: the server responded with a status of 404 (Not Found) @ http://localhost:3456/wiki/nuclear-operatives/__next.wiki.$c$slug.txt?_rsc=1ofzr:0
[    3923ms] [ERROR] Failed to load resource: the server responded with a status of 404 (Not Found) @ http://localhost:3456/wiki/nuclear-operatives/__next.wiki.$c$slug.__PAGE__.txt?_rsc=13tcp:0
[    3944ms] [ERROR] Failed to load resource: the server responded with a status of 404 (Not Found) @ http://localhost:3456/wiki/blob/__next.wiki.$c$slug.txt?_rsc=1ofzr:0
[    3950ms] [ERROR] Failed to load resource: the server responded with a status of 404 (Not Found) @ http://localhost:3456/wiki/blob/__next.wiki.$c$slug.__PAGE__.txt?_rsc=13tcp:0
[    3957ms] [ERROR] Failed to load resource: the server responded with a status of 404 (Not Found) @ http://localhost:3456/wiki/changelings/__next.wiki.$c$slug.txt?_rsc=1ofzr:0
[    3958ms] [ERROR] Failed to load resource: the server responded with a status of 404 (Not Found) @ http://localhost:3456/wiki/changelings/__next.wiki.$c$slug.__PAGE__.txt?_rsc=13tcp:0
[    3969ms] [ERROR] Failed to load resource: the server responded with a status of 404 (Not Found) @ http://localhost:3456/wiki/corporate-agents/__next.wiki.$c$slug.txt?_rsc=1ofzr:0
[    3974ms] [ERROR] Failed to load resource: the server responded with a status of 404 (Not Found) @ http://localhost:3456/wiki/corporate-agents/__next.wiki.$c$slug.__PAGE__.txt?_rsc=13tcp:0
[    3981ms] [ERROR] Failed to load resource: the server responded with a status of 404 (Not Found) @ http://localhost:3456/wiki/traitors/__next.wiki.$c$slug.txt?_rsc=1ofzr:0
[    3986ms] [ERROR] Failed to load resource: the server responded with a status of 404 (Not Found) @ http://localhost:3456/wiki/traitors/__next.wiki.$c$slug.__PAGE__.txt?_rsc=13tcp:0
[    3998ms] [ERROR] Failed to load resource: the server responded with a status of 404 (Not Found) @ http://localhost:3456/wiki/capibara-economy-objectives/__next.wiki.$c$slug.txt?_rsc=1ofzr:0
[    4011ms] [ERROR] Failed to load resource: the server responded with a status of 404 (Not Found) @ http://localhost:3456/wiki/capibara-economy-objectives/__next.wiki.$c$slug.__PAGE__.txt?_rsc=13tcp:0
[    4020ms] [ERROR] Failed to load resource: the server responded with a status of 404 (Not Found) @ http://localhost:3456/wiki/capibara-economy-salary-console/__next.wiki.$c$slug.txt?_rsc=1ofzr:0
[    4024ms] [ERROR] Failed to load resource: the server responded with a status of 404 (Not Found) @ http://localhost:3456/wiki/capibara-economy-salary-console/__next.wiki.$c$slug.__PAGE__.txt?_rsc=13tcp:0
[    4031ms] [ERROR] Failed to load resource: the server responded with a status of 404 (Not Found) @ http://localhost:3456/wiki/capibara-economy-atm/__next.wiki.$c$slug.txt?_rsc=1ofzr:0
[    4043ms] [ERROR] Failed to load resource: the server responded with a status of 404 (Not Found) @ http://localhost:3456/wiki/capibara-economy-atm/__next.wiki.$c$slug.__PAGE__.txt?_rsc=13tcp:0
[    4051ms] [ERROR] Failed to load resource: the server responded with a status of 404 (Not Found) @ http://localhost:3456/wiki/capibara-economy/__next.wiki.$c$slug.txt?_rsc=1ofzr:0
[    4056ms] [ERROR] Failed to load resource: the server responded with a status of 404 (Not Found) @ http://localhost:3456/wiki/capibara-economy/__next.wiki.$c$slug.__PAGE__.txt?_rsc=13tcp:0
[    4059ms] [ERROR] Failed to load resource: the server responded with a status of 404 (Not Found) @ http://localhost:3456/wiki/survival/__next.wiki.$c$slug.txt?_rsc=1ofzr:0
[    4061ms] [ERROR] Failed to load resource: the server responded with a status of 404 (Not Found) @ http://localhost:3456/wiki/survival/__next.wiki.$c$slug.__PAGE__.txt?_rsc=13tcp:0
[    4072ms] [ERROR] Failed to load resource: the server responded with a status of 404 (Not Found) @ http://localhost:3456/wiki/service/__next.wiki.$c$slug.txt?_rsc=1ofzr:0
[    4078ms] [ERROR] Failed to load resource: the server responded with a status of 404 (Not Found) @ http://localhost:3456/wiki/service/__next.wiki.$c$slug.__PAGE__.txt?_rsc=13tcp:0
[    4086ms] [ERROR] Failed to load resource: the server responded with a status of 404 (Not Found) @ http://localhost:3456/wiki/security/__next.wiki.$c$slug.__PAGE__.txt?_rsc=13tcp:0
[    4088ms] [ERROR] Failed to load resource: the server responded with a status of 404 (Not Found) @ http://localhost:3456/wiki/security/__next.wiki.$c$slug.txt?_rsc=1ofzr:0
[    4098ms] [ERROR] Failed to load resource: the server responded with a status of 404 (Not Found) @ http://localhost:3456/wiki/science/__next.wiki.$c$slug.txt?_rsc=1ofzr:0
[    4103ms] [ERROR] Failed to load resource: the server responded with a status of 404 (Not Found) @ http://localhost:3456/wiki/science/__next.wiki.$c$slug.__PAGE__.txt?_rsc=13tcp:0
[    4119ms] [ERROR] Failed to load resource: the server responded with a status of 404 (Not Found) @ http://localhost:3456/wiki/medical/__next.wiki.$c$slug.txt?_rsc=1ofzr:0
[    4119ms] [ERROR] Failed to load resource: the server responded with a status of 404 (Not Found) @ http://localhost:3456/wiki/medical/__next.wiki.$c$slug.__PAGE__.txt?_rsc=13tcp:0
[    4139ms] [ERROR] Failed to load resource: the server responded with a status of 404 (Not Found) @ http://localhost:3456/wiki/engineering/__next.wiki.$c$slug.txt?_rsc=1ofzr:0
[    4139ms] [ERROR] Failed to load resource: the server responded with a status of 404 (Not Found) @ http://localhost:3456/wiki/engineering/__next.wiki.$c$slug.__PAGE__.txt?_rsc=13tcp:0
[    4151ms] [ERROR] Failed to load resource: the server responded with a status of 404 (Not Found) @ http://localhost:3456/wiki/command/__next.wiki.$c$slug.txt?_rsc=1ofzr:0
[    4158ms] [ERROR] Failed to load resource: the server responded with a status of 404 (Not Found) @ http://localhost:3456/wiki/command/__next.wiki.$c$slug.__PAGE__.txt?_rsc=13tcp:0
[    4166ms] [ERROR] Failed to load resource: the server responded with a status of 404 (Not Found) @ http://localhost:3456/wiki/cargo/__next.wiki.$c$slug.txt?_rsc=1ofzr:0
[    4172ms] [ERROR] Failed to load resource: the server responded with a status of 404 (Not Found) @ http://localhost:3456/wiki/cargo/__next.wiki.$c$slug.__PAGE__.txt?_rsc=13tcp:0
[    4180ms] [ERROR] Failed to load resource: the server responded with a status of 404 (Not Found) @ http://localhost:3456/wiki/jobs/__next.wiki.$c$slug.txt?_rsc=1ofzr:0
[    4182ms] [ERROR] Failed to load resource: the server responded with a status of 404 (Not Found) @ http://localhost:3456/wiki/jobs/__next.wiki.$c$slug.__PAGE__.txt?_rsc=13tcp:0
[    7239ms] [WARNING] The resource http://localhost:3456/_next/static/media/0c89a48fa5027cee-s.p.4564287c.woff2 was preloaded using link preload but not used within a few seconds from the window's load event. Please make sure it has an appropriate `as` value and it is preloaded intentionally. @ http://localhost:3456/wiki/minor-antagonists:0
[    7239ms] [WARNING] The resource http://localhost:3456/_next/static/media/70bc3e132a0a741e-s.p.15008bfb.woff2 was preloaded using link preload but not used within a few seconds from the window's load event. Please make sure it has an appropriate `as` value and it is preloaded intentionally. @ http://localhost:3456/wiki/minor-antagonists:0
[   15365ms] [ERROR] Failed to load resource: the server responded with a status of 404 (Not Found) @ http://localhost:3456/wiki/antagonists/__next.wiki.$c$slug.txt?_rsc=1ofzr:0
[   15365ms] [ERROR] Failed to load resource: the server responded with a status of 404 (Not Found) @ http://localhost:3456/wiki/antagonists/__next.wiki.$c$slug.__PAGE__.txt?_rsc=13tcp:0
[   18428ms] [WARNING] The resource http://localhost:3456/_next/static/media/0c89a48fa5027cee-s.p.4564287c.woff2 was preloaded using link preload but not used within a few seconds from the window's load event. Please make sure it has an appropriate `as` value and it is preloaded intentionally. @ http://localhost:3456/wiki/minor-antagonists:0
[   18428ms] [WARNING] The resource http://localhost:3456/_next/static/media/70bc3e132a0a741e-s.p.15008bfb.woff2 was preloaded using link preload but not used within a few seconds from the window's load event. Please make sure it has an appropriate `as` value and it is preloaded intentionally. @ http://localhost:3456/wiki/minor-antagonists:0
