[    1196ms] [ERROR] Failed to load resource: the server responded with a status of 404 (Not Found) @ http://localhost:3456/favicon.ico:0
[    3782ms] [ERROR] Failed to load resource: the server responded with a status of 404 (Not Found) @ http://localhost:3456/wiki/sop/__next.wiki.$c$slug.__PAGE__.txt?_rsc=t4s3v:0
[    3785ms] [ERROR] Failed to load resource: the server responded with a status of 404 (Not Found) @ http://localhost:3456/wiki/sop/__next.wiki.$c$slug.txt?_rsc=1hk4m:0
[    3810ms] [ERROR] Failed to load resource: the server responded with a status of 404 (Not Found) @ http://localhost:3456/wiki/ss14/__next.wiki.$c$slug.txt?_rsc=1hk4m:0
[    3822ms] [ERROR] Failed to load resource: the server responded with a status of 404 (Not Found) @ http://localhost:3456/wiki/ss14/__next.wiki.$c$slug.__PAGE__.txt?_rsc=t4s3v:0
[    3847ms] [ERROR] Failed to load resource: the server responded with a status of 404 (Not Found) @ http://localhost:3456/wiki/__next.wiki.__PAGE__.txt?_rsc=nzta5:0
[    3932ms] [ERROR] Failed to load resource: the server responded with a status of 404 (Not Found) @ http://localhost:3456/wiki/minor-antagonists/__next.wiki.$c$slug.txt?_rsc=1hk4m:0
[    3935ms] [ERROR] Failed to load resource: the server responded with a status of 404 (Not Found) @ http://localhost:3456/wiki/minor-antagonists/__next.wiki.$c$slug.__PAGE__.txt?_rsc=t4s3v:0
[    3966ms] [ERROR] Failed to load resource: the server responded with a status of 404 (Not Found) @ http://localhost:3456/wiki/revolutionaries/__next.wiki.$c$slug.txt?_rsc=1hk4m:0
[    3967ms] [ERROR] Failed to load resource: the server responded with a status of 404 (Not Found) @ http://localhost:3456/wiki/revolutionaries/__next.wiki.$c$slug.__PAGE__.txt?_rsc=t4s3v:0
[    3990ms] [ERROR] Failed to load resource: the server responded with a status of 404 (Not Found) @ http://localhost:3456/wiki/zombies/__next.wiki.$c$slug.txt?_rsc=1hk4m:0
[    4000ms] [ERROR] Failed to load resource: the server responded with a status of 404 (Not Found) @ http://localhost:3456/wiki/zombies/__next.wiki.$c$slug.__PAGE__.txt?_rsc=t4s3v:0
[    4034ms] [ERROR] Failed to load resource: the server responded with a status of 404 (Not Found) @ http://localhost:3456/wiki/nuclear-operatives/__next.wiki.$c$slug.txt?_rsc=1hk4m:0
[    4035ms] [ERROR] Failed to load resource: the server responded with a status of 404 (Not Found) @ http://localhost:3456/wiki/nuclear-operatives/__next.wiki.$c$slug.__PAGE__.txt?_rsc=t4s3v:0
[    4036ms] [ERROR] Failed to load resource: the server responded with a status of 404 (Not Found) @ http://localhost:3456/wiki/blob/__next.wiki.$c$slug.txt?_rsc=1hk4m:0
[    4047ms] [ERROR] Failed to load resource: the server responded with a status of 404 (Not Found) @ http://localhost:3456/wiki/blob/__next.wiki.$c$slug.__PAGE__.txt?_rsc=t4s3v:0
[    4050ms] [ERROR] Failed to load resource: the server responded with a status of 404 (Not Found) @ http://localhost:3456/wiki/changelings/__next.wiki.$c$slug.txt?_rsc=1hk4m:0
[    4055ms] [ERROR] Failed to load resource: the server responded with a status of 404 (Not Found) @ http://localhost:3456/wiki/changelings/__next.wiki.$c$slug.__PAGE__.txt?_rsc=t4s3v:0
[    4067ms] [ERROR] Failed to load resource: the server responded with a status of 404 (Not Found) @ http://localhost:3456/wiki/corporate-agents/__next.wiki.$c$slug.txt?_rsc=1hk4m:0
[    4075ms] [ERROR] Failed to load resource: the server responded with a status of 404 (Not Found) @ http://localhost:3456/wiki/corporate-agents/__next.wiki.$c$slug.__PAGE__.txt?_rsc=t4s3v:0
[    4080ms] [ERROR] Failed to load resource: the server responded with a status of 404 (Not Found) @ http://localhost:3456/wiki/traitors/__next.wiki.$c$slug.txt?_rsc=1hk4m:0
[    4086ms] [ERROR] Failed to load resource: the server responded with a status of 404 (Not Found) @ http://localhost:3456/wiki/traitors/__next.wiki.$c$slug.__PAGE__.txt?_rsc=t4s3v:0
[    4097ms] [ERROR] Failed to load resource: the server responded with a status of 404 (Not Found) @ http://localhost:3456/wiki/antagonists/__next.wiki.$c$slug.txt?_rsc=1hk4m:0
[    4111ms] [ERROR] Failed to load resource: the server responded with a status of 404 (Not Found) @ http://localhost:3456/wiki/antagonists/__next.wiki.$c$slug.__PAGE__.txt?_rsc=t4s3v:0
[    4122ms] [ERROR] Failed to load resource: the server responded with a status of 404 (Not Found) @ http://localhost:3456/wiki/capibara-economy-objectives/__next.wiki.$c$slug.__PAGE__.txt?_rsc=t4s3v:0
[    4123ms] [ERROR] Failed to load resource: the server responded with a status of 404 (Not Found) @ http://localhost:3456/wiki/capibara-economy-objectives/__next.wiki.$c$slug.txt?_rsc=1hk4m:0
[    4141ms] [ERROR] Failed to load resource: the server responded with a status of 404 (Not Found) @ http://localhost:3456/wiki/capibara-economy-salary-console/__next.wiki.$c$slug.txt?_rsc=1hk4m:0
[    4146ms] [ERROR] Failed to load resource: the server responded with a status of 404 (Not Found) @ http://localhost:3456/wiki/capibara-economy-salary-console/__next.wiki.$c$slug.__PAGE__.txt?_rsc=t4s3v:0
[    4154ms] [ERROR] Failed to load resource: the server responded with a status of 404 (Not Found) @ http://localhost:3456/wiki/capibara-economy-atm/__next.wiki.$c$slug.txt?_rsc=1hk4m:0
[    4158ms] [ERROR] Failed to load resource: the server responded with a status of 404 (Not Found) @ http://localhost:3456/wiki/capibara-economy-atm/__next.wiki.$c$slug.__PAGE__.txt?_rsc=t4s3v:0
[    4170ms] [ERROR] Failed to load resource: the server responded with a status of 404 (Not Found) @ http://localhost:3456/wiki/capibara-economy/__next.wiki.$c$slug.txt?_rsc=1hk4m:0
[    4179ms] [ERROR] Failed to load resource: the server responded with a status of 404 (Not Found) @ http://localhost:3456/wiki/capibara-economy/__next.wiki.$c$slug.__PAGE__.txt?_rsc=t4s3v:0
[    4189ms] [ERROR] Failed to load resource: the server responded with a status of 404 (Not Found) @ http://localhost:3456/wiki/survival/__next.wiki.$c$slug.txt?_rsc=1hk4m:0
[    4191ms] [ERROR] Failed to load resource: the server responded with a status of 404 (Not Found) @ http://localhost:3456/wiki/survival/__next.wiki.$c$slug.__PAGE__.txt?_rsc=t4s3v:0
[    4197ms] [ERROR] Failed to load resource: the server responded with a status of 404 (Not Found) @ http://localhost:3456/wiki/service/__next.wiki.$c$slug.txt?_rsc=1hk4m:0
[    4208ms] [ERROR] Failed to load resource: the server responded with a status of 404 (Not Found) @ http://localhost:3456/wiki/service/__next.wiki.$c$slug.__PAGE__.txt?_rsc=t4s3v:0
[    4212ms] [ERROR] Failed to load resource: the server responded with a status of 404 (Not Found) @ http://localhost:3456/wiki/security/__next.wiki.$c$slug.txt?_rsc=1hk4m:0
[    4226ms] [ERROR] Failed to load resource: the server responded with a status of 404 (Not Found) @ http://localhost:3456/wiki/security/__next.wiki.$c$slug.__PAGE__.txt?_rsc=t4s3v:0
[    4233ms] [ERROR] Failed to load resource: the server responded with a status of 404 (Not Found) @ http://localhost:3456/wiki/science/__next.wiki.$c$slug.txt?_rsc=1hk4m:0
[    4237ms] [ERROR] Failed to load resource: the server responded with a status of 404 (Not Found) @ http://localhost:3456/wiki/science/__next.wiki.$c$slug.__PAGE__.txt?_rsc=t4s3v:0
[    4242ms] [ERROR] Failed to load resource: the server responded with a status of 404 (Not Found) @ http://localhost:3456/wiki/medical/__next.wiki.$c$slug.txt?_rsc=1hk4m:0
[    4243ms] [ERROR] Failed to load resource: the server responded with a status of 404 (Not Found) @ http://localhost:3456/wiki/medical/__next.wiki.$c$slug.__PAGE__.txt?_rsc=t4s3v:0
[    4260ms] [ERROR] Failed to load resource: the server responded with a status of 404 (Not Found) @ http://localhost:3456/wiki/engineering/__next.wiki.$c$slug.txt?_rsc=1hk4m:0
[    4266ms] [ERROR] Failed to load resource: the server responded with a status of 404 (Not Found) @ http://localhost:3456/wiki/engineering/__next.wiki.$c$slug.__PAGE__.txt?_rsc=t4s3v:0
[    4278ms] [ERROR] Failed to load resource: the server responded with a status of 404 (Not Found) @ http://localhost:3456/wiki/command/__next.wiki.$c$slug.__PAGE__.txt?_rsc=t4s3v:0
[    4280ms] [ERROR] Failed to load resource: the server responded with a status of 404 (Not Found) @ http://localhost:3456/wiki/command/__next.wiki.$c$slug.txt?_rsc=1hk4m:0
[    4289ms] [ERROR] Failed to load resource: the server responded with a status of 404 (Not Found) @ http://localhost:3456/wiki/cargo/__next.wiki.$c$slug.txt?_rsc=1hk4m:0
[    4300ms] [ERROR] Failed to load resource: the server responded with a status of 404 (Not Found) @ http://localhost:3456/wiki/cargo/__next.wiki.$c$slug.__PAGE__.txt?_rsc=t4s3v:0
[    4302ms] [ERROR] Failed to load resource: the server responded with a status of 404 (Not Found) @ http://localhost:3456/wiki/jobs/__next.wiki.$c$slug.txt?_rsc=1hk4m:0
[    4303ms] [ERROR] Failed to load resource: the server responded with a status of 404 (Not Found) @ http://localhost:3456/wiki/jobs/__next.wiki.$c$slug.__PAGE__.txt?_rsc=t4s3v:0
